0 info it worked if it ends with ok
1 verbose cli [ '/Users/yosuke/.nodebrew/node/v6.9.1/bin/node',
1 verbose cli   '/usr/local/bin/npm',
1 verbose cli   'run',
1 verbose cli   'h2o' ]
2 info using npm@3.8.9
3 info using node@v6.9.1
4 verbose run-script [ 'preh2o', 'h2o', 'posth2o' ]
5 info lifecycle early-hints-demo@0.0.1~preh2o: early-hints-demo@0.0.1
6 silly lifecycle early-hints-demo@0.0.1~preh2o: no script for preh2o, continuing
7 info lifecycle early-hints-demo@0.0.1~h2o: early-hints-demo@0.0.1
8 verbose lifecycle early-hints-demo@0.0.1~h2o: unsafe-perm in lifecycle true
9 verbose lifecycle early-hints-demo@0.0.1~h2o: PATH: /usr/local/lib/node_modules/npm/bin/node-gyp-bin:/Users/yosuke/go/src/github.com/yosuke-furukawa/early-hints-demo/node_modules/.bin:/Users/yosuke/.nodebrew/node/v6.9.1/bin:/Users/yosuke/google-cloud-sdk/bin:/Users/yosuke/go/src/github.com/yosuke-furukawa/depot_tools::/bin:/Users/yosuke/go/bin:/Users/yosuke/.pythonbrew/bin:/Users/yosuke/.rbenv/shims:/.rbenv/bin:/opt/vertica/bin:/usr/local/bin:/usr/local/sbin:/usr/local/etc/nginx:/Users/yosuke/bin:/Users/yosuke/play-2.0.4:/Users/yosuke/.nodebrew/current/bin:/Users/yosuke/perl5/perlbrew/bin:/usr/local/texlive/2014/bin/x86_64-darwin:/Users/yosuke/.goenvtarget:/Users/yosuke/.nodebrew/current/bin:/Users/yosuke/bin:/usr/local/bin:/usr/local/bin:/usr/bin:/bin:/usr/sbin:/sbin:/opt/X11/bin:/usr/texbin:/Users/yosuke/.rsvm/current/dist/bin
10 verbose lifecycle early-hints-demo@0.0.1~h2o: CWD: /Users/yosuke/go/src/github.com/yosuke-furukawa/early-hints-demo
11 silly lifecycle early-hints-demo@0.0.1~h2o: Args: [ '-c', 'h2o -c ./config/h2o.conf' ]
12 silly lifecycle early-hints-demo@0.0.1~h2o: Returned: code: 78  signal: null
13 info lifecycle early-hints-demo@0.0.1~h2o: Failed to exec h2o script
14 verbose stack Error: early-hints-demo@0.0.1 h2o: `h2o -c ./config/h2o.conf`
14 verbose stack Exit status 78
14 verbose stack     at EventEmitter.<anonymous> (/usr/local/lib/node_modules/npm/lib/utils/lifecycle.js:245:16)
14 verbose stack     at emitTwo (events.js:106:13)
14 verbose stack     at EventEmitter.emit (events.js:191:7)
14 verbose stack     at ChildProcess.<anonymous> (/usr/local/lib/node_modules/npm/lib/utils/spawn.js:24:14)
14 verbose stack     at emitTwo (events.js:106:13)
14 verbose stack     at ChildProcess.emit (events.js:191:7)
14 verbose stack     at maybeClose (internal/child_process.js:877:16)
14 verbose stack     at Process.ChildProcess._handle.onexit (internal/child_process.js:226:5)
15 verbose pkgid early-hints-demo@0.0.1
16 verbose cwd /Users/yosuke/go/src/github.com/yosuke-furukawa/early-hints-demo
17 error Darwin 16.4.0
18 error argv "/Users/yosuke/.nodebrew/node/v6.9.1/bin/node" "/usr/local/bin/npm" "run" "h2o"
19 error node v6.9.1
20 error npm  v3.8.9
21 error code ELIFECYCLE
22 error early-hints-demo@0.0.1 h2o: `h2o -c ./config/h2o.conf`
22 error Exit status 78
23 error Failed at the early-hints-demo@0.0.1 h2o script 'h2o -c ./config/h2o.conf'.
23 error Make sure you have the latest version of node.js and npm installed.
23 error If you do, this is most likely a problem with the early-hints-demo package,
23 error not with npm itself.
23 error Tell the author that this fails on your system:
23 error     h2o -c ./config/h2o.conf
23 error You can get information on how to open an issue for this project with:
23 error     npm bugs early-hints-demo
23 error Or if that isn't available, you can get their info via:
23 error     npm owner ls early-hints-demo
23 error There is likely additional logging output above.
24 verbose exit [ 1, true ]
